<?xml version="1.0" encoding="UTF-8"?>
<testng-results ignored="0" total="1" passed="1" failed="0" skipped="0">
  <reporter-output>
  </reporter-output>
  <suite started-at="2022-08-02T15:53:21 GMT+05:30" name="Surefire suite" finished-at="2022-08-02T15:53:21 GMT+05:30" duration-ms="95">
    <groups>
    </groups>
    <test started-at="2022-08-02T15:53:21 GMT+05:30" name="Surefire test" finished-at="2022-08-02T15:53:21 GMT+05:30" duration-ms="95">
      <class name="MileStone1.MileStone1_Artifact.AppTest">
        <test-method signature="shouldAnswerWithTrue()" started-at="2022-08-02T15:53:21 GMT+05:30" name="shouldAnswerWithTrue" finished-at="2022-08-02T15:53:21 GMT+05:30" duration-ms="17" status="PASS">
          <reporter-output>
          </reporter-output>
        </test-method> <!-- shouldAnswerWithTrue -->
      </class> <!-- MileStone1.MileStone1_Artifact.AppTest -->
    </test> <!-- Surefire test -->
  </suite> <!-- Surefire suite -->
</testng-results>
