<?xml version="1.0" encoding="UTF-8"?>
<testsuite xmlns:xsi="http://www.w3.org/2001/XMLSchema-instance" xsi:noNamespaceSchemaLocation="https://maven.apache.org/surefire/maven-surefire-plugin/xsd/surefire-test-report.xsd" name="MileStone1.MileStone1_Artifact.AppTest" time="0.641" tests="1" errors="0" skipped="0" failures="0">
  <properties>
[...]
</properties>
  <testcase name="shouldAnswerWithTrue on shouldAnswerWithTrue(MileStone1.MileStone1_Artifact.AppTest)" classname="MileStone1.MileStone1_Artifact.AppTest" time="0.008"/>
</testsuite>